<?xml version="1.0" encoding="UTF-8"?>
<!-- Generated by org.testng.reporters.JUnitReportReporter -->
<testsuite skipped="0" hostname="DESKTOP-A8TU78J" name="service.ServiceDT" tests="3" failures="0" timestamp="19 lis 2017 15:42:34 GMT" time="15.673" errors="0">
  <testcase name="counterpartiesTest" time="4.395" classname="service.ServiceDT"/>
  <testcase name="counterpartiesTest" time="5.586" classname="service.ServiceDT"/>
  <testcase name="counterpartiesTest" time="5.692" classname="service.ServiceDT"/>
</testsuite> <!-- service.ServiceDT -->
