<?xml version="1.0" encoding="UTF-8"?>
<!-- Generated by org.testng.reporters.JUnitReportReporter -->
<testsuite hostname="DESKTOP-9DQUAO4" name="pl.mir.tests.CreateDeleteAndSearchCounterparty" tests="4" failures="0" timestamp="2 Nov 2017 10:18:53 GMT" time="29.862" errors="0">
  <testcase name="createCounterparty" time="7.243" classname="pl.mir.tests.CreateDeleteAndSearchCounterparty"/>
  <testcase name="deleteCounterparty" time="9.184" classname="pl.mir.tests.CreateDeleteAndSearchCounterparty"/>
  <testcase name="selectOperation2" time="3.724" classname="pl.mir.tests.CreateDeleteAndSearchCounterparty"/>
  <testcase name="login" time="9.711" classname="pl.mir.tests.CreateDeleteAndSearchCounterparty"/>
</testsuite> <!-- pl.mir.tests.CreateDeleteAndSearchCounterparty -->
