<?xml version="1.0" encoding="UTF-8"?>
<!-- Generated by org.testng.reporters.JUnitReportReporter -->
<testsuite hostname="DESKTOP-A8TU78J" name="tests.Transfer" tests="3" failures="0" timestamp="10 Jul 2017 12:50:29 GMT" time="14.811" errors="0">
  <testcase name="login" time="6.204" classname="tests.Transfer"/>
  <testcase name="selectOperation" time="1.748" classname="tests.Transfer"/>
  <testcase name="createTransfer" time="6.859" classname="tests.Transfer"/>
</testsuite> <!-- tests.Transfer -->
