<?xml version="1.0" encoding="UTF-8"?>
<!-- Generated by org.testng.reporters.JUnitReportReporter -->
<testsuite hostname="DESKTOP-A8TU78J" name="tests.CreateDeleteAndSearchCounterparty" tests="4" failures="0" timestamp="11 Jul 2017 15:03:17 GMT" time="20.479" errors="0">
  <testcase name="login" time="5.617" classname="tests.CreateDeleteAndSearchCounterparty"/>
  <testcase name="createCounterparies" time="5.081" classname="tests.CreateDeleteAndSearchCounterparty"/>
  <testcase name="selectOperation2" time="1.410" classname="tests.CreateDeleteAndSearchCounterparty"/>
  <testcase name="deleteCounterparty" time="8.371" classname="tests.CreateDeleteAndSearchCounterparty"/>
</testsuite> <!-- tests.CreateDeleteAndSearchCounterparty -->
