<?xml version="1.0" encoding="UTF-8"?>
<!-- Generated by org.testng.reporters.JUnitReportReporter -->
<testsuite skipped="0" hostname="DESKTOP-A8TU78J" name="service.Service" tests="1" failures="0" timestamp="01 gru 2017 11:18:02 GMT" time="0.047" errors="0">
  <testcase name="counterpartiesTest" time="0.047" classname="service.Service"/>
</testsuite> <!-- service.Service -->
