<?xml version="1.0" encoding="UTF-8"?>
<!-- Generated by org.testng.reporters.JUnitReportReporter -->
<testsuite hostname="DESKTOP-A8TU78J" name="tests.InternalTransfer" tests="4" failures="0" timestamp="12 Jul 2017 10:26:36 GMT" time="21.243" errors="0">
  <testcase name="selectOperation" time="2.134" classname="tests.InternalTransfer"/>
  <testcase name="login" time="6.407" classname="tests.InternalTransfer"/>
  <testcase name="createAndSendTransfer" time="11.319" classname="tests.InternalTransfer"/>
  <testcase name="logout" time="1.383" classname="tests.InternalTransfer"/>
</testsuite> <!-- tests.InternalTransfer -->
