<?xml version="1.0" encoding="UTF-8"?>
<!-- Generated by org.testng.reporters.JUnitReportReporter -->
<testsuite hostname="MacBook-Pro-Sasek.local" failures="0" tests="1" name="test.CreateDeleteAndSearchCounterparty" time="3.909" errors="0" timestamp="18 lis 2017 18:29:09 GMT" skipped="0">
  <testcase classname="test.CreateDeleteAndSearchCounterparty" name="login" time="3.909"/>
</testsuite> <!-- test.CreateDeleteAndSearchCounterparty -->
